[0226/014714.823:ERROR:process_reader_win.cc(151)] SuspendThread: Åtkomst nekad. (0x5)
[0226/014714.824:ERROR:process_reader_win.cc(123)] NtOpenThread: {Åtkomst nekad} En process har begärt åtkomst till ett objekt, men har inte de rättigheter som krävs.  (0xc0000022)
[0226/014714.825:ERROR:exception_snapshot_win.cc(87)] thread ID 36780 not found in process
[0226/014714.825:WARNING:crash_report_exception_handler.cc(62)] ProcessSnapshotWin::Initialize failed
[0226/014908.331:ERROR:process_reader_win.cc(123)] NtOpenThread: {Åtkomst nekad} En process har begärt åtkomst till ett objekt, men har inte de rättigheter som krävs.  (0xc0000022)
[0226/014908.335:ERROR:exception_snapshot_win.cc(87)] thread ID 9140 not found in process
[0226/014908.336:WARNING:crash_report_exception_handler.cc(62)] ProcessSnapshotWin::Initialize failed
[0226/020006.108:ERROR:process_reader_win.cc(123)] NtOpenThread: {Åtkomst nekad} En process har begärt åtkomst till ett objekt, men har inte de rättigheter som krävs.  (0xc0000022)
[0226/020006.109:ERROR:exception_snapshot_win.cc(87)] thread ID 28940 not found in process
[0226/020006.109:WARNING:crash_report_exception_handler.cc(62)] ProcessSnapshotWin::Initialize failed
[0226/020127.543:ERROR:process_reader_win.cc(123)] NtOpenThread: {Åtkomst nekad} En process har begärt åtkomst till ett objekt, men har inte de rättigheter som krävs.  (0xc0000022)
[0226/020127.544:ERROR:exception_snapshot_win.cc(87)] thread ID 35812 not found in process
[0226/020127.544:WARNING:crash_report_exception_handler.cc(62)] ProcessSnapshotWin::Initialize failed
[0226/020241.605:ERROR:process_reader_win.cc(123)] NtOpenThread: {Åtkomst nekad} En process har begärt åtkomst till ett objekt, men har inte de rättigheter som krävs.  (0xc0000022)
[0226/020241.610:ERROR:exception_snapshot_win.cc(87)] thread ID 30564 not found in process
[0226/020241.610:WARNING:crash_report_exception_handler.cc(62)] ProcessSnapshotWin::Initialize failed
[0226/173447.274:ERROR:process_reader_win.cc(123)] NtOpenThread: {Åtkomst nekad} En process har begärt åtkomst till ett objekt, men har inte de rättigheter som krävs.  (0xc0000022)
[0226/173447.281:ERROR:exception_snapshot_win.cc(87)] thread ID 10252 not found in process
[0226/173447.281:WARNING:crash_report_exception_handler.cc(62)] ProcessSnapshotWin::Initialize failed
[0226/173558.434:ERROR:process_reader_win.cc(123)] NtOpenThread: {Åtkomst nekad} En process har begärt åtkomst till ett objekt, men har inte de rättigheter som krävs.  (0xc0000022)
[0226/173558.435:ERROR:exception_snapshot_win.cc(87)] thread ID 16244 not found in process
[0226/173558.435:WARNING:crash_report_exception_handler.cc(62)] ProcessSnapshotWin::Initialize failed
[0326/134818.951:ERROR:process_reader_win.cc(123)] NtOpenThread: {Åtkomst nekad} En process har begärt åtkomst till ett objekt, men har inte de rättigheter som krävs. (0xc0000022)
[0326/134818.956:ERROR:exception_snapshot_win.cc(88)] thread ID 25924 not found in process
[0326/134818.956:WARNING:crash_report_exception_handler.cc(62)] ProcessSnapshotWin::Initialize failed
[0418/155352.952:ERROR:process_reader_win.cc(123)] NtOpenThread: {Åtkomst nekad} En process har begärt åtkomst till ett objekt, men har inte de rättigheter som krävs. (0xc0000022)
[0418/155352.958:ERROR:exception_snapshot_win.cc(88)] thread ID 39484 not found in process
[0418/155352.958:WARNING:crash_report_exception_handler.cc(62)] ProcessSnapshotWin::Initialize failed
[0418/164800.339:ERROR:process_reader_win.cc(123)] NtOpenThread: {Åtkomst nekad} En process har begärt åtkomst till ett objekt, men har inte de rättigheter som krävs. (0xc0000022)
[0418/164800.340:ERROR:exception_snapshot_win.cc(88)] thread ID 37496 not found in process
[0418/164800.340:WARNING:crash_report_exception_handler.cc(62)] ProcessSnapshotWin::Initialize failed
[0418/185252.197:ERROR:process_reader_win.cc(123)] NtOpenThread: {Åtkomst nekad} En process har begärt åtkomst till ett objekt, men har inte de rättigheter som krävs. (0xc0000022)
[0418/185252.203:ERROR:exception_snapshot_win.cc(88)] thread ID 45408 not found in process
[0418/185252.203:WARNING:crash_report_exception_handler.cc(62)] ProcessSnapshotWin::Initialize failed
[0418/185252.361:ERROR:process_reader_win.cc(123)] NtOpenThread: {Åtkomst nekad} En process har begärt åtkomst till ett objekt, men har inte de rättigheter som krävs. (0xc0000022)
[0418/185252.368:ERROR:exception_snapshot_win.cc(88)] thread ID 48344 not found in process
[0418/185252.368:WARNING:crash_report_exception_handler.cc(62)] ProcessSnapshotWin::Initialize failed
[0418/185252.579:ERROR:process_reader_win.cc(151)] SuspendThread: Åtkomst nekad. (0x5)
[0418/185252.585:ERROR:process_reader_win.cc(123)] NtOpenThread: {Åtkomst nekad} En process har begärt åtkomst till ett objekt, men har inte de rättigheter som krävs. (0xc0000022)
[0418/185252.586:ERROR:exception_snapshot_win.cc(88)] thread ID 48568 not found in process
[0418/185252.586:WARNING:crash_report_exception_handler.cc(62)] ProcessSnapshotWin::Initialize failed
[0418/185252.746:ERROR:process_reader_win.cc(123)] NtOpenThread: {Åtkomst nekad} En process har begärt åtkomst till ett objekt, men har inte de rättigheter som krävs. (0xc0000022)
[0418/185252.752:ERROR:exception_snapshot_win.cc(88)] thread ID 46280 not found in process
[0418/185252.752:WARNING:crash_report_exception_handler.cc(62)] ProcessSnapshotWin::Initialize failed
[0418/185252.913:ERROR:process_reader_win.cc(151)] SuspendThread: Åtkomst nekad. (0x5)
[0418/185252.918:ERROR:process_reader_win.cc(151)] SuspendThread: Åtkomst nekad. (0x5)
[0418/185252.918:ERROR:process_reader_win.cc(151)] SuspendThread: Åtkomst nekad. (0x5)
[0418/185252.918:ERROR:process_reader_win.cc(151)] SuspendThread: Åtkomst nekad. (0x5)
[0418/185252.918:ERROR:process_reader_win.cc(123)] NtOpenThread: {Åtkomst nekad} En process har begärt åtkomst till ett objekt, men har inte de rättigheter som krävs. (0xc0000022)
[0418/185252.919:ERROR:exception_snapshot_win.cc(88)] thread ID 45572 not found in process
[0418/185252.919:WARNING:crash_report_exception_handler.cc(62)] ProcessSnapshotWin::Initialize failed
[0418/185253.427:ERROR:process_reader_win.cc(151)] SuspendThread: Åtkomst nekad. (0x5)
[0418/185253.433:ERROR:process_reader_win.cc(151)] SuspendThread: Åtkomst nekad. (0x5)
[0418/185253.433:ERROR:process_reader_win.cc(123)] NtOpenThread: {Åtkomst nekad} En process har begärt åtkomst till ett objekt, men har inte de rättigheter som krävs. (0xc0000022)
[0418/185253.433:ERROR:exception_snapshot_win.cc(88)] thread ID 45844 not found in process
[0418/185253.433:WARNING:crash_report_exception_handler.cc(62)] ProcessSnapshotWin::Initialize failed
[0418/185253.624:ERROR:process_reader_win.cc(151)] SuspendThread: Åtkomst nekad. (0x5)
[0418/185253.631:ERROR:process_reader_win.cc(123)] NtOpenThread: {Åtkomst nekad} En process har begärt åtkomst till ett objekt, men har inte de rättigheter som krävs. (0xc0000022)
[0418/185253.631:ERROR:exception_snapshot_win.cc(88)] thread ID 46172 not found in process
[0418/185253.631:WARNING:crash_report_exception_handler.cc(62)] ProcessSnapshotWin::Initialize failed
[0418/185253.795:ERROR:process_reader_win.cc(123)] NtOpenThread: {Åtkomst nekad} En process har begärt åtkomst till ett objekt, men har inte de rättigheter som krävs. (0xc0000022)
[0418/185253.801:ERROR:exception_snapshot_win.cc(88)] thread ID 45564 not found in process
[0418/185253.801:WARNING:crash_report_exception_handler.cc(62)] ProcessSnapshotWin::Initialize failed
[0418/185254.008:ERROR:process_reader_win.cc(123)] NtOpenThread: {Åtkomst nekad} En process har begärt åtkomst till ett objekt, men har inte de rättigheter som krävs. (0xc0000022)
[0418/185254.014:ERROR:exception_snapshot_win.cc(88)] thread ID 45092 not found in process
[0418/185254.014:WARNING:crash_report_exception_handler.cc(62)] ProcessSnapshotWin::Initialize failed
[0418/185729.482:ERROR:process_reader_win.cc(151)] SuspendThread: Åtkomst nekad. (0x5)
[0418/185729.483:ERROR:process_reader_win.cc(151)] SuspendThread: Åtkomst nekad. (0x5)
[0418/185729.483:ERROR:process_reader_win.cc(151)] SuspendThread: Åtkomst nekad. (0x5)
[0418/185729.483:ERROR:process_reader_win.cc(151)] SuspendThread: Åtkomst nekad. (0x5)
[0418/185729.484:ERROR:process_reader_win.cc(151)] SuspendThread: Åtkomst nekad. (0x5)
[0418/185729.484:ERROR:process_reader_win.cc(123)] NtOpenThread: {Åtkomst nekad} En process har begärt åtkomst till ett objekt, men har inte de rättigheter som krävs. (0xc0000022)
[0418/185729.484:ERROR:exception_snapshot_win.cc(88)] thread ID 49484 not found in process
[0418/185729.484:WARNING:crash_report_exception_handler.cc(62)] ProcessSnapshotWin::Initialize failed
[0418/185737.934:ERROR:process_reader_win.cc(151)] SuspendThread: Åtkomst nekad. (0x5)
[0418/185737.940:ERROR:process_reader_win.cc(151)] SuspendThread: Åtkomst nekad. (0x5)
[0418/185737.940:ERROR:process_reader_win.cc(151)] SuspendThread: Åtkomst nekad. (0x5)
[0418/185737.940:ERROR:process_reader_win.cc(123)] NtOpenThread: {Åtkomst nekad} En process har begärt åtkomst till ett objekt, men har inte de rättigheter som krävs. (0xc0000022)
[0418/185737.940:ERROR:exception_snapshot_win.cc(88)] thread ID 44136 not found in process
[0418/185737.940:WARNING:crash_report_exception_handler.cc(62)] ProcessSnapshotWin::Initialize failed
[0418/185738.068:ERROR:process_reader_win.cc(151)] SuspendThread: Åtkomst nekad. (0x5)
[0418/185738.073:ERROR:process_reader_win.cc(151)] SuspendThread: Åtkomst nekad. (0x5)
[0418/185738.073:ERROR:process_reader_win.cc(151)] SuspendThread: Åtkomst nekad. (0x5)
[0418/185738.073:ERROR:process_reader_win.cc(151)] SuspendThread: Åtkomst nekad. (0x5)
[0418/185738.073:ERROR:process_reader_win.cc(151)] SuspendThread: Åtkomst nekad. (0x5)
[0418/185738.073:ERROR:process_reader_win.cc(123)] NtOpenThread: {Åtkomst nekad} En process har begärt åtkomst till ett objekt, men har inte de rättigheter som krävs. (0xc0000022)
[0418/185738.073:ERROR:exception_snapshot_win.cc(88)] thread ID 58316 not found in process
[0418/185738.073:WARNING:crash_report_exception_handler.cc(62)] ProcessSnapshotWin::Initialize failed
[0418/185738.196:ERROR:process_reader_win.cc(151)] SuspendThread: Åtkomst nekad. (0x5)
[0418/185738.201:ERROR:process_reader_win.cc(151)] SuspendThread: Åtkomst nekad. (0x5)
[0418/185738.201:ERROR:process_reader_win.cc(151)] SuspendThread: Åtkomst nekad. (0x5)
[0418/185738.201:ERROR:process_reader_win.cc(151)] SuspendThread: Åtkomst nekad. (0x5)
[0418/185738.201:ERROR:process_reader_win.cc(151)] SuspendThread: Åtkomst nekad. (0x5)
[0418/185738.202:ERROR:process_reader_win.cc(123)] NtOpenThread: {Åtkomst nekad} En process har begärt åtkomst till ett objekt, men har inte de rättigheter som krävs. (0xc0000022)
[0418/185738.202:ERROR:exception_snapshot_win.cc(88)] thread ID 44028 not found in process
[0418/185738.202:WARNING:crash_report_exception_handler.cc(62)] ProcessSnapshotWin::Initialize failed
[0418/185738.333:ERROR:process_reader_win.cc(151)] SuspendThread: Åtkomst nekad. (0x5)
[0418/185738.340:ERROR:process_reader_win.cc(151)] SuspendThread: Åtkomst nekad. (0x5)
[0418/185738.340:ERROR:process_reader_win.cc(151)] SuspendThread: Åtkomst nekad. (0x5)
[0418/185738.340:ERROR:process_reader_win.cc(151)] SuspendThread: Åtkomst nekad. (0x5)
[0418/185738.340:ERROR:process_reader_win.cc(123)] NtOpenThread: {Åtkomst nekad} En process har begärt åtkomst till ett objekt, men har inte de rättigheter som krävs. (0xc0000022)
[0418/185738.341:ERROR:exception_snapshot_win.cc(88)] thread ID 42472 not found in process
[0418/185738.341:WARNING:crash_report_exception_handler.cc(62)] ProcessSnapshotWin::Initialize failed
[0418/185738.508:ERROR:process_reader_win.cc(151)] SuspendThread: Åtkomst nekad. (0x5)
[0418/185738.514:ERROR:process_reader_win.cc(123)] NtOpenThread: {Åtkomst nekad} En process har begärt åtkomst till ett objekt, men har inte de rättigheter som krävs. (0xc0000022)
[0418/185738.514:ERROR:exception_snapshot_win.cc(88)] thread ID 43260 not found in process
[0418/185738.514:WARNING:crash_report_exception_handler.cc(62)] ProcessSnapshotWin::Initialize failed
[0418/185738.736:ERROR:process_reader_win.cc(151)] SuspendThread: Åtkomst nekad. (0x5)
[0418/185738.741:ERROR:process_reader_win.cc(123)] NtOpenThread: {Åtkomst nekad} En process har begärt åtkomst till ett objekt, men har inte de rättigheter som krävs. (0xc0000022)
[0418/185738.741:ERROR:exception_snapshot_win.cc(88)] thread ID 57304 not found in process
[0418/185738.741:WARNING:crash_report_exception_handler.cc(62)] ProcessSnapshotWin::Initialize failed
[0418/185738.863:ERROR:process_reader_win.cc(151)] SuspendThread: Åtkomst nekad. (0x5)
[0418/185738.869:ERROR:process_reader_win.cc(151)] SuspendThread: Åtkomst nekad. (0x5)
[0418/185738.869:ERROR:process_reader_win.cc(151)] SuspendThread: Åtkomst nekad. (0x5)
[0418/185738.869:ERROR:process_reader_win.cc(123)] NtOpenThread: {Åtkomst nekad} En process har begärt åtkomst till ett objekt, men har inte de rättigheter som krävs. (0xc0000022)
[0418/185738.870:ERROR:exception_snapshot_win.cc(88)] thread ID 57484 not found in process
[0418/185738.870:WARNING:crash_report_exception_handler.cc(62)] ProcessSnapshotWin::Initialize failed
[0418/185739.081:ERROR:process_reader_win.cc(151)] SuspendThread: Åtkomst nekad. (0x5)
[0418/185739.086:ERROR:process_reader_win.cc(151)] SuspendThread: Åtkomst nekad. (0x5)
[0418/185739.086:ERROR:process_reader_win.cc(151)] SuspendThread: Åtkomst nekad. (0x5)
[0418/185739.086:ERROR:process_reader_win.cc(123)] NtOpenThread: {Åtkomst nekad} En process har begärt åtkomst till ett objekt, men har inte de rättigheter som krävs. (0xc0000022)
[0418/185739.087:ERROR:exception_snapshot_win.cc(88)] thread ID 50876 not found in process
[0418/185739.087:WARNING:crash_report_exception_handler.cc(62)] ProcessSnapshotWin::Initialize failed
[0418/185739.671:ERROR:process_reader_win.cc(151)] SuspendThread: Åtkomst nekad. (0x5)
[0418/185739.677:ERROR:process_reader_win.cc(151)] SuspendThread: Åtkomst nekad. (0x5)
[0418/185739.677:ERROR:process_reader_win.cc(151)] SuspendThread: Åtkomst nekad. (0x5)
[0418/185739.677:ERROR:process_reader_win.cc(151)] SuspendThread: Åtkomst nekad. (0x5)
[0418/185739.677:ERROR:process_reader_win.cc(123)] NtOpenThread: {Åtkomst nekad} En process har begärt åtkomst till ett objekt, men har inte de rättigheter som krävs. (0xc0000022)
[0418/185739.677:ERROR:exception_snapshot_win.cc(88)] thread ID 40764 not found in process
[0418/185739.677:WARNING:crash_report_exception_handler.cc(62)] ProcessSnapshotWin::Initialize failed
[0418/185739.803:ERROR:process_reader_win.cc(151)] SuspendThread: Åtkomst nekad. (0x5)
[0418/185739.808:ERROR:process_reader_win.cc(151)] SuspendThread: Åtkomst nekad. (0x5)
[0418/185739.808:ERROR:process_reader_win.cc(151)] SuspendThread: Åtkomst nekad. (0x5)
[0418/185739.808:ERROR:process_reader_win.cc(151)] SuspendThread: Åtkomst nekad. (0x5)
[0418/185739.808:ERROR:process_reader_win.cc(151)] SuspendThread: Åtkomst nekad. (0x5)
[0418/185739.808:ERROR:process_reader_win.cc(151)] SuspendThread: Åtkomst nekad. (0x5)
[0418/185739.808:ERROR:process_reader_win.cc(151)] SuspendThread: Åtkomst nekad. (0x5)
[0418/185739.808:ERROR:process_reader_win.cc(151)] SuspendThread: Åtkomst nekad. (0x5)
[0418/185739.808:ERROR:process_reader_win.cc(151)] SuspendThread: Åtkomst nekad. (0x5)
[0418/185739.808:ERROR:process_reader_win.cc(151)] SuspendThread: Åtkomst nekad. (0x5)
[0418/185739.808:ERROR:process_reader_win.cc(151)] SuspendThread: Åtkomst nekad. (0x5)
[0418/185739.808:ERROR:process_reader_win.cc(151)] SuspendThread: Åtkomst nekad. (0x5)
[0418/185739.808:ERROR:process_reader_win.cc(151)] SuspendThread: Åtkomst nekad. (0x5)
[0418/185739.808:ERROR:process_reader_win.cc(151)] SuspendThread: Åtkomst nekad. (0x5)
[0418/185739.808:ERROR:process_reader_win.cc(151)] SuspendThread: Åtkomst nekad. (0x5)
[0418/185739.809:ERROR:process_reader_win.cc(151)] SuspendThread: Åtkomst nekad. (0x5)
[0418/185739.809:ERROR:process_reader_win.cc(151)] SuspendThread: Åtkomst nekad. (0x5)
[0418/185739.809:ERROR:process_reader_win.cc(151)] SuspendThread: Åtkomst nekad. (0x5)
[0418/185739.809:ERROR:process_reader_win.cc(151)] SuspendThread: Åtkomst nekad. (0x5)
[0418/185739.809:ERROR:process_reader_win.cc(151)] SuspendThread: Åtkomst nekad. (0x5)
[0418/185739.809:ERROR:process_reader_win.cc(151)] SuspendThread: Åtkomst nekad. (0x5)
[0418/185739.809:ERROR:process_reader_win.cc(151)] SuspendThread: Åtkomst nekad. (0x5)
[0418/185739.809:ERROR:process_reader_win.cc(151)] SuspendThread: Åtkomst nekad. (0x5)
[0418/185739.809:ERROR:process_reader_win.cc(151)] SuspendThread: Åtkomst nekad. (0x5)
[0418/185739.809:ERROR:process_reader_win.cc(151)] SuspendThread: Åtkomst nekad. (0x5)
[0418/185739.809:ERROR:process_reader_win.cc(151)] SuspendThread: Åtkomst nekad. (0x5)
[0418/185739.809:ERROR:process_reader_win.cc(151)] SuspendThread: Åtkomst nekad. (0x5)
[0418/185739.809:ERROR:process_reader_win.cc(151)] SuspendThread: Åtkomst nekad. (0x5)
[0418/185739.809:ERROR:process_reader_win.cc(151)] SuspendThread: Åtkomst nekad. (0x5)
[0418/185739.809:ERROR:process_reader_win.cc(151)] SuspendThread: Åtkomst nekad. (0x5)
[0418/185739.809:ERROR:process_reader_win.cc(151)] SuspendThread: Åtkomst nekad. (0x5)
[0418/185739.809:ERROR:process_reader_win.cc(151)] SuspendThread: Åtkomst nekad. (0x5)
[0418/185739.810:ERROR:process_reader_win.cc(151)] SuspendThread: Åtkomst nekad. (0x5)
[0418/185739.810:ERROR:process_reader_win.cc(151)] SuspendThread: Åtkomst nekad. (0x5)
[0418/185739.810:ERROR:process_reader_win.cc(151)] SuspendThread: Åtkomst nekad. (0x5)
[0418/185739.810:ERROR:process_reader_win.cc(123)] NtOpenThread: {Åtkomst nekad} En process har begärt åtkomst till ett objekt, men har inte de rättigheter som krävs. (0xc0000022)
[0418/185739.810:ERROR:exception_snapshot_win.cc(88)] thread ID 49940 not found in process
[0418/185739.810:WARNING:crash_report_exception_handler.cc(62)] ProcessSnapshotWin::Initialize failed
[0418/185740.224:ERROR:process_reader_win.cc(151)] SuspendThread: Åtkomst nekad. (0x5)
[0418/185740.229:ERROR:process_reader_win.cc(151)] SuspendThread: Åtkomst nekad. (0x5)
[0418/185740.230:ERROR:process_reader_win.cc(151)] SuspendThread: Åtkomst nekad. (0x5)
[0418/185740.230:ERROR:process_reader_win.cc(151)] SuspendThread: Åtkomst nekad. (0x5)
[0418/185740.230:ERROR:process_reader_win.cc(151)] SuspendThread: Åtkomst nekad. (0x5)
[0418/185740.230:ERROR:process_reader_win.cc(151)] SuspendThread: Åtkomst nekad. (0x5)
[0418/185740.230:ERROR:process_reader_win.cc(151)] SuspendThread: Åtkomst nekad. (0x5)
[0418/185740.230:ERROR:process_reader_win.cc(151)] SuspendThread: Åtkomst nekad. (0x5)
[0418/185740.230:ERROR:process_reader_win.cc(151)] SuspendThread: Åtkomst nekad. (0x5)
[0418/185740.230:ERROR:process_reader_win.cc(151)] SuspendThread: Åtkomst nekad. (0x5)
[0418/185740.230:ERROR:process_reader_win.cc(151)] SuspendThread: Åtkomst nekad. (0x5)
[0418/185740.230:ERROR:process_reader_win.cc(151)] SuspendThread: Åtkomst nekad. (0x5)
[0418/185740.230:ERROR:process_reader_win.cc(151)] SuspendThread: Åtkomst nekad. (0x5)
[0418/185740.230:ERROR:process_reader_win.cc(151)] SuspendThread: Åtkomst nekad. (0x5)
[0418/185740.230:ERROR:process_reader_win.cc(151)] SuspendThread: Åtkomst nekad. (0x5)
[0418/185740.230:ERROR:process_reader_win.cc(151)] SuspendThread: Åtkomst nekad. (0x5)
[0418/185740.230:ERROR:process_reader_win.cc(151)] SuspendThread: Åtkomst nekad. (0x5)
[0418/185740.230:ERROR:process_reader_win.cc(151)] SuspendThread: Åtkomst nekad. (0x5)
[0418/185740.230:ERROR:process_reader_win.cc(151)] SuspendThread: Åtkomst nekad. (0x5)
[0418/185740.230:ERROR:process_reader_win.cc(151)] SuspendThread: Åtkomst nekad. (0x5)
[0418/185740.230:ERROR:process_reader_win.cc(151)] SuspendThread: Åtkomst nekad. (0x5)
[0418/185740.230:ERROR:process_reader_win.cc(151)] SuspendThread: Åtkomst nekad. (0x5)
[0418/185740.231:ERROR:process_reader_win.cc(151)] SuspendThread: Åtkomst nekad. (0x5)
[0418/185740.231:ERROR:process_reader_win.cc(151)] SuspendThread: Åtkomst nekad. (0x5)
[0418/185740.231:ERROR:process_reader_win.cc(151)] SuspendThread: Åtkomst nekad. (0x5)
[0418/185740.231:ERROR:process_reader_win.cc(151)] SuspendThread: Åtkomst nekad. (0x5)
[0418/185740.231:ERROR:process_reader_win.cc(151)] SuspendThread: Åtkomst nekad. (0x5)
[0418/185740.231:ERROR:process_reader_win.cc(151)] SuspendThread: Åtkomst nekad. (0x5)
[0418/185740.231:ERROR:process_reader_win.cc(151)] SuspendThread: Åtkomst nekad. (0x5)
[0418/185740.231:ERROR:process_reader_win.cc(151)] SuspendThread: Åtkomst nekad. (0x5)
[0418/185740.231:ERROR:process_reader_win.cc(151)] SuspendThread: Åtkomst nekad. (0x5)
[0418/185740.231:ERROR:process_reader_win.cc(151)] SuspendThread: Åtkomst nekad. (0x5)
[0418/185740.231:ERROR:process_reader_win.cc(151)] SuspendThread: Åtkomst nekad. (0x5)
[0418/185740.231:ERROR:process_reader_win.cc(151)] SuspendThread: Åtkomst nekad. (0x5)
[0418/185740.231:ERROR:process_reader_win.cc(151)] SuspendThread: Åtkomst nekad. (0x5)
[0418/185740.231:ERROR:process_reader_win.cc(123)] NtOpenThread: {Åtkomst nekad} En process har begärt åtkomst till ett objekt, men har inte de rättigheter som krävs. (0xc0000022)
[0418/185740.232:ERROR:exception_snapshot_win.cc(88)] thread ID 35404 not found in process
[0418/185740.232:WARNING:crash_report_exception_handler.cc(62)] ProcessSnapshotWin::Initialize failed
[0418/221724.593:ERROR:process_reader_win.cc(123)] NtOpenThread: {Åtkomst nekad} En process har begärt åtkomst till ett objekt, men har inte de rättigheter som krävs. (0xc0000022)
[0418/221724.595:ERROR:exception_snapshot_win.cc(88)] thread ID 40904 not found in process
[0418/221724.595:WARNING:crash_report_exception_handler.cc(62)] ProcessSnapshotWin::Initialize failed
[0418/221724.767:ERROR:process_reader_win.cc(123)] NtOpenThread: {Åtkomst nekad} En process har begärt åtkomst till ett objekt, men har inte de rättigheter som krävs. (0xc0000022)
[0418/221724.776:ERROR:exception_snapshot_win.cc(88)] thread ID 46028 not found in process
[0418/221724.776:WARNING:crash_report_exception_handler.cc(62)] ProcessSnapshotWin::Initialize failed
